<?xml version="1.0" encoding="UTF-8"?>
<!-- Generated by org.testng.reporters.JUnitReportReporter -->
<testsuite hostname="lenovov14" failures="0" tests="1" name="sdetTestacse.Test2" time="1.975" errors="0" timestamp="2025-03-20T10:46:32 IST" skipped="0">
  <testcase classname="sdetTestacse.Test2" name="testall" time="1.975"/>
  <system-out/>
</testsuite> <!-- sdetTestacse.Test2 -->
