<?xml version="1.0" encoding="UTF-8"?>
<!-- Generated by org.testng.reporters.JUnitReportReporter -->
<testsuite hostname="lenovov14" failures="0" tests="1" name="sdetTestacse.Test5" time="4.279" errors="0" timestamp="2025-03-26T16:00:42 IST" skipped="0">
  <testcase classname="sdetTestacse.Test5" name="retrivedata" time="4.279"/>
  <system-out/>
</testsuite> <!-- sdetTestacse.Test5 -->
