<?xml version="1.0" encoding="UTF-8"?>
<!-- Generated by org.testng.reporters.JUnitReportReporter -->
<testsuite hostname="lenovov14" failures="0" tests="1" name="sdetTestacse.sslcertificate" time="4.518" errors="0" timestamp="2025-03-27T11:07:22 IST" skipped="0">
  <testcase classname="sdetTestacse.sslcertificate" name="sslcertificatetest" time="4.518"/>
  <system-out/>
</testsuite> <!-- sdetTestacse.sslcertificate -->
