<?xml version="1.0" encoding="UTF-8"?>
<!-- Generated by org.testng.reporters.JUnitReportReporter -->
<testsuite hostname="lenovov14" failures="0" tests="1" name="sdetTestacse.Test1" time="13.946" errors="0" timestamp="2025-03-20T10:46:32 IST" skipped="0">
  <testcase classname="sdetTestacse.Test1" name="test" time="13.946"/>
  <system-out/>
</testsuite> <!-- sdetTestacse.Test1 -->
