<?xml version="1.0" encoding="UTF-8"?>
<!-- Generated by org.testng.reporters.JUnitReportReporter -->
<testsuite hostname="lenovov14" failures="0" tests="1" name="sdetTestacse.Stale" time="11.756" errors="0" timestamp="2025-03-21T13:22:45 IST" skipped="0">
  <testcase classname="sdetTestacse.Stale" name="staleexception" time="11.756"/>
  <system-out/>
</testsuite> <!-- sdetTestacse.Stale -->
