<?xml version="1.0" encoding="UTF-8"?>
<!-- Generated by org.testng.reporters.JUnitReportReporter -->
<testsuite hostname="lenovov14" failures="0" tests="1" name="sdetTestacse.Test3" time="13.266" errors="0" timestamp="2025-03-27T11:36:58 IST" skipped="0">
  <testcase classname="sdetTestacse.Test3" name="test3" time="13.266"/>
  <system-out/>
</testsuite> <!-- sdetTestacse.Test3 -->
